<?xml version="1.0" encoding="UTF-8"?>
<testsuite xmlns:xsi="http://www.w3.org/2001/XMLSchema-instance" xsi:noNamespaceSchemaLocation="https://maven.apache.org/surefire/maven-surefire-plugin/xsd/surefire-test-report.xsd" name="com.gang.etl.EngineApplicationTest" time="1.729" tests="1" errors="0" skipped="0" failures="0">
  <properties>
    <property name="sun.desktop" value="windows"/>
    <property name="awt.toolkit" value="sun.awt.windows.WToolkit"/>
    <property name="file.encoding.pkg" value="sun.io"/>
    <property name="java.specification.version" value="1.8"/>
    <property name="sun.cpu.isalist" value="amd64"/>
    <property name="sun.jnu.encoding" value="GBK"/>
    <property name="java.class.path" value="D:\java\workspace\git\exp\etl\etl-core\datacenter\target\test-classes;D:\java\workspace\git\exp\etl\etl-core\datacenter\target\classes;D:\java\resource\repo\org\springframework\boot\spring-boot-starter\2.1.0.RELEASE\spring-boot-starter-2.1.0.RELEASE.jar;D:\java\resource\repo\org\springframework\boot\spring-boot\2.1.0.RELEASE\spring-boot-2.1.0.RELEASE.jar;D:\java\resource\repo\org\springframework\spring-context\5.1.2.RELEASE\spring-context-5.1.2.RELEASE.jar;D:\java\resource\repo\org\springframework\spring-aop\5.1.2.RELEASE\spring-aop-5.1.2.RELEASE.jar;D:\java\resource\repo\org\springframework\spring-expression\5.1.2.RELEASE\spring-expression-5.1.2.RELEASE.jar;D:\java\resource\repo\org\springframework\boot\spring-boot-autoconfigure\2.1.6.RELEASE\spring-boot-autoconfigure-2.1.6.RELEASE.jar;D:\java\resource\repo\org\springframework\boot\spring-boot-starter-logging\2.1.0.RELEASE\spring-boot-starter-logging-2.1.0.RELEASE.jar;D:\java\resource\repo\ch\qos\logback\logback-classic\1.2.3\logback-classic-1.2.3.jar;D:\java\resource\repo\ch\qos\logback\logback-core\1.2.3\logback-core-1.2.3.jar;D:\java\resource\repo\org\apache\logging\log4j\log4j-to-slf4j\2.11.1\log4j-to-slf4j-2.11.1.jar;D:\java\resource\repo\org\apache\logging\log4j\log4j-api\2.11.1\log4j-api-2.11.1.jar;D:\java\resource\repo\org\slf4j\jul-to-slf4j\1.7.25\jul-to-slf4j-1.7.25.jar;D:\java\resource\repo\javax\annotation\javax.annotation-api\1.3.2\javax.annotation-api-1.3.2.jar;D:\java\resource\repo\org\springframework\spring-core\5.1.2.RELEASE\spring-core-5.1.2.RELEASE.jar;D:\java\resource\repo\org\springframework\spring-jcl\5.1.2.RELEASE\spring-jcl-5.1.2.RELEASE.jar;D:\java\resource\repo\org\yaml\snakeyaml\1.23\snakeyaml-1.23.jar;D:\java\resource\repo\org\springframework\boot\spring-boot-starter-jdbc\2.1.0.RELEASE\spring-boot-starter-jdbc-2.1.0.RELEASE.jar;D:\java\resource\repo\org\springframework\spring-jdbc\5.1.2.RELEASE\spring-jdbc-5.1.2.RELEASE.jar;D:\java\resource\repo\org\springframework\spring-beans\5.1.2.RELEASE\spring-beans-5.1.2.RELEASE.jar;D:\java\resource\repo\org\springframework\spring-tx\5.1.2.RELEASE\spring-tx-5.1.2.RELEASE.jar;D:\java\resource\repo\org\mybatis\spring\boot\mybatis-spring-boot-starter\1.3.4\mybatis-spring-boot-starter-1.3.4.jar;D:\java\resource\repo\org\mybatis\spring\boot\mybatis-spring-boot-autoconfigure\1.3.4\mybatis-spring-boot-autoconfigure-1.3.4.jar;D:\java\resource\repo\org\mybatis\mybatis\3.4.6\mybatis-3.4.6.jar;D:\java\resource\repo\org\mybatis\mybatis-spring\1.3.2\mybatis-spring-1.3.2.jar;D:\java\resource\repo\mysql\mysql-connector-java\5.1.48\mysql-connector-java-5.1.48.jar;D:\java\resource\repo\org\springframework\boot\spring-boot-starter-test\2.1.0.RELEASE\spring-boot-starter-test-2.1.0.RELEASE.jar;D:\java\resource\repo\org\springframework\boot\spring-boot-test\2.1.0.RELEASE\spring-boot-test-2.1.0.RELEASE.jar;D:\java\resource\repo\org\springframework\boot\spring-boot-test-autoconfigure\2.1.0.RELEASE\spring-boot-test-autoconfigure-2.1.0.RELEASE.jar;D:\java\resource\repo\com\jayway\jsonpath\json-path\2.4.0\json-path-2.4.0.jar;D:\java\resource\repo\net\minidev\json-smart\2.3\json-smart-2.3.jar;D:\java\resource\repo\net\minidev\accessors-smart\1.2\accessors-smart-1.2.jar;D:\java\resource\repo\org\ow2\asm\asm\5.0.4\asm-5.0.4.jar;D:\java\resource\repo\junit\junit\4.12\junit-4.12.jar;D:\java\resource\repo\org\assertj\assertj-core\3.11.1\assertj-core-3.11.1.jar;D:\java\resource\repo\org\mockito\mockito-core\2.23.0\mockito-core-2.23.0.jar;D:\java\resource\repo\net\bytebuddy\byte-buddy\1.9.3\byte-buddy-1.9.3.jar;D:\java\resource\repo\net\bytebuddy\byte-buddy-agent\1.9.3\byte-buddy-agent-1.9.3.jar;D:\java\resource\repo\org\objenesis\objenesis\2.6\objenesis-2.6.jar;D:\java\resource\repo\org\hamcrest\hamcrest-core\1.3\hamcrest-core-1.3.jar;D:\java\resource\repo\org\hamcrest\hamcrest-library\1.3\hamcrest-library-1.3.jar;D:\java\resource\repo\org\skyscreamer\jsonassert\1.5.0\jsonassert-1.5.0.jar;D:\java\resource\repo\com\vaadin\external\google\android-json\0.0.20131108.vaadin1\android-json-0.0.20131108.vaadin1.jar;D:\java\resource\repo\org\springframework\spring-test\5.1.2.RELEASE\spring-test-5.1.2.RELEASE.jar;D:\java\resource\repo\org\xmlunit\xmlunit-core\2.6.2\xmlunit-core-2.6.2.jar;D:\java\resource\repo\org\projectlombok\lombok\1.18.10\lombok-1.18.10.jar;D:\java\resource\repo\org\mybatis\generator\mybatis-generator-core\1.3.7\mybatis-generator-core-1.3.7.jar;D:\java\resource\repo\com\fasterxml\uuid\java-uuid-generator\3.1.5\java-uuid-generator-3.1.5.jar;D:\java\resource\repo\com\zaxxer\HikariCP\3.2.0\HikariCP-3.2.0.jar;D:\java\resource\repo\org\slf4j\slf4j-api\1.7.25\slf4j-api-1.7.25.jar;D:\java\resource\repo\org\apache\bval\bval-jsr\1.1.2\bval-jsr-1.1.2.jar;D:\java\resource\repo\org\apache\bval\bval-core\1.1.2\bval-core-1.1.2.jar;D:\java\resource\repo\javax\validation\validation-api\2.0.1.Final\validation-api-2.0.1.Final.jar;D:\java\resource\repo\commons-io\commons-io\2.6\commons-io-2.6.jar;D:\java\resource\repo\org\apache\commons\commons-email\1.5\commons-email-1.5.jar;D:\java\resource\repo\org\apache\commons\commons-jexl3\3.1\commons-jexl3-3.1.jar;D:\java\resource\repo\commons-logging\commons-logging\1.1.3\commons-logging-1.1.3.jar;D:\java\resource\repo\org\apache\commons\commons-lang3\3.8.1\commons-lang3-3.8.1.jar;D:\java\resource\repo\org\apache\commons\commons-text\1.6\commons-text-1.6.jar;D:\java\resource\repo\org\apache\commons\commons-collections4\4.1\commons-collections4-4.1.jar;"/>
    <property name="java.vm.vendor" value="Oracle Corporation"/>
    <property name="sun.arch.data.model" value="64"/>
    <property name="user.variant" value=""/>
    <property name="java.vendor.url" value="http://java.oracle.com/"/>
    <property name="user.timezone" value="Asia/Shanghai"/>
    <property name="java.vm.specification.version" value="1.8"/>
    <property name="os.name" value="Windows 10"/>
    <property name="user.country" value="CN"/>
    <property name="sun.java.launcher" value="SUN_STANDARD"/>
    <property name="sun.boot.library.path" value="C:\Program Files\Java\jdk1.8.0_152\jre\bin"/>
    <property name="sun.java.command" value="C:\Users\10169\AppData\Local\Temp\surefire4468431824574045386\surefirebooter4064787183319853866.jar C:\Users\10169\AppData\Local\Temp\surefire4468431824574045386 2019-12-28T23-15-51_313-jvmRun1 surefire5589675444623610560tmp surefire_05203546438130117763tmp"/>
    <property name="surefire.test.class.path" value="D:\java\workspace\git\exp\etl\etl-core\datacenter\target\test-classes;D:\java\workspace\git\exp\etl\etl-core\datacenter\target\classes;D:\java\resource\repo\org\springframework\boot\spring-boot-starter\2.1.0.RELEASE\spring-boot-starter-2.1.0.RELEASE.jar;D:\java\resource\repo\org\springframework\boot\spring-boot\2.1.0.RELEASE\spring-boot-2.1.0.RELEASE.jar;D:\java\resource\repo\org\springframework\spring-context\5.1.2.RELEASE\spring-context-5.1.2.RELEASE.jar;D:\java\resource\repo\org\springframework\spring-aop\5.1.2.RELEASE\spring-aop-5.1.2.RELEASE.jar;D:\java\resource\repo\org\springframework\spring-expression\5.1.2.RELEASE\spring-expression-5.1.2.RELEASE.jar;D:\java\resource\repo\org\springframework\boot\spring-boot-autoconfigure\2.1.6.RELEASE\spring-boot-autoconfigure-2.1.6.RELEASE.jar;D:\java\resource\repo\org\springframework\boot\spring-boot-starter-logging\2.1.0.RELEASE\spring-boot-starter-logging-2.1.0.RELEASE.jar;D:\java\resource\repo\ch\qos\logback\logback-classic\1.2.3\logback-classic-1.2.3.jar;D:\java\resource\repo\ch\qos\logback\logback-core\1.2.3\logback-core-1.2.3.jar;D:\java\resource\repo\org\apache\logging\log4j\log4j-to-slf4j\2.11.1\log4j-to-slf4j-2.11.1.jar;D:\java\resource\repo\org\apache\logging\log4j\log4j-api\2.11.1\log4j-api-2.11.1.jar;D:\java\resource\repo\org\slf4j\jul-to-slf4j\1.7.25\jul-to-slf4j-1.7.25.jar;D:\java\resource\repo\javax\annotation\javax.annotation-api\1.3.2\javax.annotation-api-1.3.2.jar;D:\java\resource\repo\org\springframework\spring-core\5.1.2.RELEASE\spring-core-5.1.2.RELEASE.jar;D:\java\resource\repo\org\springframework\spring-jcl\5.1.2.RELEASE\spring-jcl-5.1.2.RELEASE.jar;D:\java\resource\repo\org\yaml\snakeyaml\1.23\snakeyaml-1.23.jar;D:\java\resource\repo\org\springframework\boot\spring-boot-starter-jdbc\2.1.0.RELEASE\spring-boot-starter-jdbc-2.1.0.RELEASE.jar;D:\java\resource\repo\org\springframework\spring-jdbc\5.1.2.RELEASE\spring-jdbc-5.1.2.RELEASE.jar;D:\java\resource\repo\org\springframework\spring-beans\5.1.2.RELEASE\spring-beans-5.1.2.RELEASE.jar;D:\java\resource\repo\org\springframework\spring-tx\5.1.2.RELEASE\spring-tx-5.1.2.RELEASE.jar;D:\java\resource\repo\org\mybatis\spring\boot\mybatis-spring-boot-starter\1.3.4\mybatis-spring-boot-starter-1.3.4.jar;D:\java\resource\repo\org\mybatis\spring\boot\mybatis-spring-boot-autoconfigure\1.3.4\mybatis-spring-boot-autoconfigure-1.3.4.jar;D:\java\resource\repo\org\mybatis\mybatis\3.4.6\mybatis-3.4.6.jar;D:\java\resource\repo\org\mybatis\mybatis-spring\1.3.2\mybatis-spring-1.3.2.jar;D:\java\resource\repo\mysql\mysql-connector-java\5.1.48\mysql-connector-java-5.1.48.jar;D:\java\resource\repo\org\springframework\boot\spring-boot-starter-test\2.1.0.RELEASE\spring-boot-starter-test-2.1.0.RELEASE.jar;D:\java\resource\repo\org\springframework\boot\spring-boot-test\2.1.0.RELEASE\spring-boot-test-2.1.0.RELEASE.jar;D:\java\resource\repo\org\springframework\boot\spring-boot-test-autoconfigure\2.1.0.RELEASE\spring-boot-test-autoconfigure-2.1.0.RELEASE.jar;D:\java\resource\repo\com\jayway\jsonpath\json-path\2.4.0\json-path-2.4.0.jar;D:\java\resource\repo\net\minidev\json-smart\2.3\json-smart-2.3.jar;D:\java\resource\repo\net\minidev\accessors-smart\1.2\accessors-smart-1.2.jar;D:\java\resource\repo\org\ow2\asm\asm\5.0.4\asm-5.0.4.jar;D:\java\resource\repo\junit\junit\4.12\junit-4.12.jar;D:\java\resource\repo\org\assertj\assertj-core\3.11.1\assertj-core-3.11.1.jar;D:\java\resource\repo\org\mockito\mockito-core\2.23.0\mockito-core-2.23.0.jar;D:\java\resource\repo\net\bytebuddy\byte-buddy\1.9.3\byte-buddy-1.9.3.jar;D:\java\resource\repo\net\bytebuddy\byte-buddy-agent\1.9.3\byte-buddy-agent-1.9.3.jar;D:\java\resource\repo\org\objenesis\objenesis\2.6\objenesis-2.6.jar;D:\java\resource\repo\org\hamcrest\hamcrest-core\1.3\hamcrest-core-1.3.jar;D:\java\resource\repo\org\hamcrest\hamcrest-library\1.3\hamcrest-library-1.3.jar;D:\java\resource\repo\org\skyscreamer\jsonassert\1.5.0\jsonassert-1.5.0.jar;D:\java\resource\repo\com\vaadin\external\google\android-json\0.0.20131108.vaadin1\android-json-0.0.20131108.vaadin1.jar;D:\java\resource\repo\org\springframework\spring-test\5.1.2.RELEASE\spring-test-5.1.2.RELEASE.jar;D:\java\resource\repo\org\xmlunit\xmlunit-core\2.6.2\xmlunit-core-2.6.2.jar;D:\java\resource\repo\org\projectlombok\lombok\1.18.10\lombok-1.18.10.jar;D:\java\resource\repo\org\mybatis\generator\mybatis-generator-core\1.3.7\mybatis-generator-core-1.3.7.jar;D:\java\resource\repo\com\fasterxml\uuid\java-uuid-generator\3.1.5\java-uuid-generator-3.1.5.jar;D:\java\resource\repo\com\zaxxer\HikariCP\3.2.0\HikariCP-3.2.0.jar;D:\java\resource\repo\org\slf4j\slf4j-api\1.7.25\slf4j-api-1.7.25.jar;D:\java\resource\repo\org\apache\bval\bval-jsr\1.1.2\bval-jsr-1.1.2.jar;D:\java\resource\repo\org\apache\bval\bval-core\1.1.2\bval-core-1.1.2.jar;D:\java\resource\repo\javax\validation\validation-api\2.0.1.Final\validation-api-2.0.1.Final.jar;D:\java\resource\repo\commons-io\commons-io\2.6\commons-io-2.6.jar;D:\java\resource\repo\org\apache\commons\commons-email\1.5\commons-email-1.5.jar;D:\java\resource\repo\org\apache\commons\commons-jexl3\3.1\commons-jexl3-3.1.jar;D:\java\resource\repo\commons-logging\commons-logging\1.1.3\commons-logging-1.1.3.jar;D:\java\resource\repo\org\apache\commons\commons-lang3\3.8.1\commons-lang3-3.8.1.jar;D:\java\resource\repo\org\apache\commons\commons-text\1.6\commons-text-1.6.jar;D:\java\resource\repo\org\apache\commons\commons-collections4\4.1\commons-collections4-4.1.jar;"/>
    <property name="sun.cpu.endian" value="little"/>
    <property name="user.home" value="C:\Users\10169"/>
    <property name="user.language" value="zh"/>
    <property name="java.specification.vendor" value="Oracle Corporation"/>
    <property name="java.home" value="C:\Program Files\Java\jdk1.8.0_152\jre"/>
    <property name="basedir" value="D:\java\workspace\git\exp\etl\etl-core\datacenter"/>
    <property name="file.separator" value="\"/>
    <property name="line.separator" value="&#10;"/>
    <property name="java.vm.specification.vendor" value="Oracle Corporation"/>
    <property name="java.specification.name" value="Java Platform API Specification"/>
    <property name="java.awt.graphicsenv" value="sun.awt.Win32GraphicsEnvironment"/>
    <property name="surefire.real.class.path" value="C:\Users\10169\AppData\Local\Temp\surefire4468431824574045386\surefirebooter4064787183319853866.jar"/>
    <property name="sun.boot.class.path" value="C:\Program Files\Java\jdk1.8.0_152\jre\lib\resources.jar;C:\Program Files\Java\jdk1.8.0_152\jre\lib\rt.jar;C:\Program Files\Java\jdk1.8.0_152\jre\lib\sunrsasign.jar;C:\Program Files\Java\jdk1.8.0_152\jre\lib\jsse.jar;C:\Program Files\Java\jdk1.8.0_152\jre\lib\jce.jar;C:\Program Files\Java\jdk1.8.0_152\jre\lib\charsets.jar;C:\Program Files\Java\jdk1.8.0_152\jre\lib\jfr.jar;C:\Program Files\Java\jdk1.8.0_152\jre\classes"/>
    <property name="user.script" value=""/>
    <property name="sun.management.compiler" value="HotSpot 64-Bit Tiered Compilers"/>
    <property name="java.runtime.version" value="1.8.0_152-b16"/>
    <property name="user.name" value="10169"/>
    <property name="path.separator" value=";"/>
    <property name="os.version" value="10.0"/>
    <property name="java.endorsed.dirs" value="C:\Program Files\Java\jdk1.8.0_152\jre\lib\endorsed"/>
    <property name="java.runtime.name" value="Java(TM) SE Runtime Environment"/>
    <property name="file.encoding" value="GBK"/>
    <property name="java.vm.name" value="Java HotSpot(TM) 64-Bit Server VM"/>
    <property name="localRepository" value="D:\java\resource\repo"/>
    <property name="java.vendor.url.bug" value="http://bugreport.sun.com/bugreport/"/>
    <property name="java.io.tmpdir" value="C:\Users\10169\AppData\Local\Temp\"/>
    <property name="java.version" value="1.8.0_152"/>
    <property name="user.dir" value="D:\java\workspace\git\exp\etl\etl-core\datacenter"/>
    <property name="os.arch" value="amd64"/>
    <property name="java.vm.specification.name" value="Java Virtual Machine Specification"/>
    <property name="java.awt.printerjob" value="sun.awt.windows.WPrinterJob"/>
    <property name="sun.os.patch.level" value=""/>
    <property name="java.library.path" value="C:\Program Files\Java\jdk1.8.0_152\jre\bin;C:\Windows\Sun\Java\bin;C:\Windows\system32;C:\Windows;D:\python\Scripts\;D:\python\;D:\othersoft\xshell\main\Xshell 6\;D:\othersoft\xshell\main\Xmanager 6\;D:\othersoft\xshell\main\Xlpd 6\;E:\办公\ntrun\Goto;C;\Program Files (x86)\Common Files\Intel\Shared Libraries\redist\intel64\compiler;C:\Program Files (x86)\Intel\Intel(R) Management Engine Components\iCLS\;C:\Program Files\Intel\Intel(R) Management Engine Components\iCLS\;C:\Windows\system32;C:\Windows;C:\Windows\System32\Wbem;C:\Windows\System32\WindowsPowerShell\v1.0\;C:\Windows\System32\OpenSSH\;C:\Program Files (x86)\Intel\Intel(R) Management Engine Components\DAL;C:\Program Files\Intel\Intel(R) Management Engine Components\DAL;C:\Program Files (x86)\NVIDIA Corporation\PhysX\Common;C:\Program Files\Java\jdk1.8.0_152\bin;C:\Program Files (x86)\Common Files\Oracle\Java\javapath;D:\java\plugins\Git\cmd;D:\java\plugins\maven\apache-maven-3.6.1\bin;D:\java\plugins\nodejs\;C:\Program Files\MIT\Kerberos\bin;D:\mysql\mysql-5.7.26-winx64\bin;C:\Program Files\Intel\WiFi\bin\;C:\Program Files\Common Files\Intel\WirelessCommon\;C:\Program Files\Pandoc\;C:\Users\10169\AppData\Local\Microsoft\WindowsApps;C:\Users\10169\AppData\Roaming\npm;D:\java\software\Microsoft VS Code\bin;;."/>
    <property name="java.vm.info" value="mixed mode"/>
    <property name="java.vendor" value="Oracle Corporation"/>
    <property name="java.vm.version" value="25.152-b16"/>
    <property name="java.ext.dirs" value="C:\Program Files\Java\jdk1.8.0_152\jre\lib\ext;C:\Windows\Sun\Java\lib\ext"/>
    <property name="sun.io.unicode.encoding" value="UnicodeLittle"/>
    <property name="java.class.version" value="52.0"/>
  </properties>
  <testcase name="run" classname="com.gang.etl.EngineApplicationTest" time="0.129"/>
</testsuite>