<?xml version="1.0" encoding="UTF-8"?>
<testsuite xmlns:xsi="http://www.w3.org/2001/XMLSchema-instance" xsi:noNamespaceSchemaLocation="https://maven.apache.org/surefire/maven-surefire-plugin/xsd/surefire-test-report.xsd" name="com.gang.etl.out.common.OutCommonApplicationTest" time="0.008" tests="0" errors="0" skipped="0" failures="0">
  <properties>
    <property name="sun.desktop" value="windows"/>
    <property name="awt.toolkit" value="sun.awt.windows.WToolkit"/>
    <property name="file.encoding.pkg" value="sun.io"/>
    <property name="java.specification.version" value="1.8"/>
    <property name="sun.cpu.isalist" value="amd64"/>
    <property name="sun.jnu.encoding" value="GBK"/>
    <property name="java.class.path" value="D:\java\workspace\git\exp\etl-server\out-common\target\test-classes;D:\java\workspace\git\exp\etl-server\out-common\target\classes;D:\java\resource\repo\com\gang\com-gang-ext-sdk-parent\1.0.0\com-gang-ext-sdk-parent-1.0.0.jar;D:\java\resource\repo\org\springframework\boot\spring-boot-starter\2.1.6.RELEASE\spring-boot-starter-2.1.6.RELEASE.jar;D:\java\resource\repo\org\springframework\boot\spring-boot\2.1.6.RELEASE\spring-boot-2.1.6.RELEASE.jar;D:\java\resource\repo\org\springframework\spring-context\5.1.8.RELEASE\spring-context-5.1.8.RELEASE.jar;D:\java\resource\repo\org\springframework\spring-aop\5.1.8.RELEASE\spring-aop-5.1.8.RELEASE.jar;D:\java\resource\repo\org\springframework\spring-beans\5.1.8.RELEASE\spring-beans-5.1.8.RELEASE.jar;D:\java\resource\repo\org\springframework\spring-expression\5.1.8.RELEASE\spring-expression-5.1.8.RELEASE.jar;D:\java\resource\repo\org\springframework\boot\spring-boot-autoconfigure\2.1.6.RELEASE\spring-boot-autoconfigure-2.1.6.RELEASE.jar;D:\java\resource\repo\org\springframework\boot\spring-boot-starter-logging\2.1.6.RELEASE\spring-boot-starter-logging-2.1.6.RELEASE.jar;D:\java\resource\repo\ch\qos\logback\logback-classic\1.2.3\logback-classic-1.2.3.jar;D:\java\resource\repo\ch\qos\logback\logback-core\1.2.3\logback-core-1.2.3.jar;D:\java\resource\repo\org\apache\logging\log4j\log4j-to-slf4j\2.11.2\log4j-to-slf4j-2.11.2.jar;D:\java\resource\repo\org\apache\logging\log4j\log4j-api\2.11.2\log4j-api-2.11.2.jar;D:\java\resource\repo\org\slf4j\jul-to-slf4j\1.7.26\jul-to-slf4j-1.7.26.jar;D:\java\resource\repo\javax\annotation\javax.annotation-api\1.3.2\javax.annotation-api-1.3.2.jar;D:\java\resource\repo\org\springframework\spring-core\5.1.8.RELEASE\spring-core-5.1.8.RELEASE.jar;D:\java\resource\repo\org\springframework\spring-jcl\5.1.8.RELEASE\spring-jcl-5.1.8.RELEASE.jar;D:\java\resource\repo\org\yaml\snakeyaml\1.23\snakeyaml-1.23.jar;D:\java\resource\repo\com\gang\com-gang-ext-sdk-workwechat\1.0.0\com-gang-ext-sdk-workwechat-1.0.0.jar;D:\java\resource\repo\com\gang\com-gang-sdk-api\1.0.0\com-gang-sdk-api-1.0.0.jar;D:\java\resource\repo\org\apache\httpcomponents\httpclient\4.5.9\httpclient-4.5.9.jar;D:\java\resource\repo\org\apache\httpcomponents\httpcore\4.4.11\httpcore-4.4.11.jar;D:\java\resource\repo\commons-codec\commons-codec\1.11\commons-codec-1.11.jar;D:\java\resource\repo\com\alibaba\fastjson\1.2.62\fastjson-1.2.62.jar;D:\java\resource\repo\org\projectlombok\lombok\1.18.8\lombok-1.18.8.jar;D:\java\workspace\git\exp\etl-server\common-lib\target\com-gang-etl-common-lib-1.0-SNAPSHOT.jar;D:\java\resource\repo\com\gang\com-gang-common-parent-sdk\1.0.0\com-gang-common-parent-sdk-1.0.0.jar;D:\java\resource\repo\com\gang\com-gang-common-lib\1.0.0\com-gang-common-lib-1.0.0.jar;D:\java\resource\repo\org\apache\commons\commons-lang3\3.8.1\commons-lang3-3.8.1.jar;D:\java\resource\repo\org\apache\commons\commons-jexl3\3.1\commons-jexl3-3.1.jar;D:\java\resource\repo\commons-logging\commons-logging\1.2\commons-logging-1.2.jar;D:\java\resource\repo\com\fasterxml\jackson\core\jackson-annotations\2.9.0\jackson-annotations-2.9.0.jar;D:\java\resource\repo\com\fasterxml\jackson\core\jackson-databind\2.9.9\jackson-databind-2.9.9.jar;D:\java\resource\repo\com\fasterxml\jackson\core\jackson-core\2.9.9\jackson-core-2.9.9.jar;D:\java\resource\repo\com\fasterxml\jackson\module\jackson-module-jsonSchema\2.9.9\jackson-module-jsonSchema-2.9.9.jar;D:\java\resource\repo\javax\validation\validation-api\2.0.1.Final\validation-api-2.0.1.Final.jar;D:\java\resource\repo\org\slf4j\slf4j-api\1.7.26\slf4j-api-1.7.26.jar;D:\java\resource\repo\org\apache\commons\commons-text\1.6\commons-text-1.6.jar;D:\java\resource\repo\org\apache\commons\commons-collections4\4.1\commons-collections4-4.1.jar;D:\java\resource\repo\com\gang\com-gang-common-swagger\1.0.0\com-gang-common-swagger-1.0.0.jar;D:\java\resource\repo\org\springframework\boot\spring-boot-starter-web\2.1.6.RELEASE\spring-boot-starter-web-2.1.6.RELEASE.jar;D:\java\resource\repo\org\springframework\boot\spring-boot-starter-json\2.1.6.RELEASE\spring-boot-starter-json-2.1.6.RELEASE.jar;D:\java\resource\repo\com\fasterxml\jackson\datatype\jackson-datatype-jdk8\2.9.9\jackson-datatype-jdk8-2.9.9.jar;D:\java\resource\repo\com\fasterxml\jackson\datatype\jackson-datatype-jsr310\2.9.9\jackson-datatype-jsr310-2.9.9.jar;D:\java\resource\repo\com\fasterxml\jackson\module\jackson-module-parameter-names\2.9.9\jackson-module-parameter-names-2.9.9.jar;D:\java\resource\repo\org\springframework\boot\spring-boot-starter-tomcat\2.1.6.RELEASE\spring-boot-starter-tomcat-2.1.6.RELEASE.jar;D:\java\resource\repo\org\apache\tomcat\embed\tomcat-embed-core\9.0.21\tomcat-embed-core-9.0.21.jar;D:\java\resource\repo\org\apache\tomcat\embed\tomcat-embed-el\9.0.21\tomcat-embed-el-9.0.21.jar;D:\java\resource\repo\org\apache\tomcat\embed\tomcat-embed-websocket\9.0.21\tomcat-embed-websocket-9.0.21.jar;D:\java\resource\repo\org\hibernate\validator\hibernate-validator\6.0.17.Final\hibernate-validator-6.0.17.Final.jar;D:\java\resource\repo\org\jboss\logging\jboss-logging\3.3.2.Final\jboss-logging-3.3.2.Final.jar;D:\java\resource\repo\org\springframework\spring-web\5.1.8.RELEASE\spring-web-5.1.8.RELEASE.jar;D:\java\resource\repo\org\springframework\spring-webmvc\5.1.8.RELEASE\spring-webmvc-5.1.8.RELEASE.jar;D:\java\resource\repo\io\springfox\springfox-swagger2\2.9.2\springfox-swagger2-2.9.2.jar;D:\java\resource\repo\io\swagger\swagger-annotations\1.5.20\swagger-annotations-1.5.20.jar;D:\java\resource\repo\io\swagger\swagger-models\1.5.20\swagger-models-1.5.20.jar;D:\java\resource\repo\io\springfox\springfox-spi\2.9.2\springfox-spi-2.9.2.jar;D:\java\resource\repo\io\springfox\springfox-core\2.9.2\springfox-core-2.9.2.jar;D:\java\resource\repo\net\bytebuddy\byte-buddy\1.9.13\byte-buddy-1.9.13.jar;D:\java\resource\repo\io\springfox\springfox-schema\2.9.2\springfox-schema-2.9.2.jar;D:\java\resource\repo\io\springfox\springfox-swagger-common\2.9.2\springfox-swagger-common-2.9.2.jar;D:\java\resource\repo\io\springfox\springfox-spring-web\2.9.2\springfox-spring-web-2.9.2.jar;D:\java\resource\repo\com\fasterxml\classmate\1.4.0\classmate-1.4.0.jar;D:\java\resource\repo\org\springframework\plugin\spring-plugin-core\1.2.0.RELEASE\spring-plugin-core-1.2.0.RELEASE.jar;D:\java\resource\repo\org\springframework\plugin\spring-plugin-metadata\1.2.0.RELEASE\spring-plugin-metadata-1.2.0.RELEASE.jar;D:\java\resource\repo\org\mapstruct\mapstruct\1.2.0.Final\mapstruct-1.2.0.Final.jar;D:\java\resource\repo\io\springfox\springfox-swagger-ui\2.9.2\springfox-swagger-ui-2.9.2.jar;D:\java\resource\repo\io\swagger\core\v3\swagger-annotations\2.0.8\swagger-annotations-2.0.8.jar;D:\java\resource\repo\com\github\xiaoymin\swagger-bootstrap-ui\1.8.8\swagger-bootstrap-ui-1.8.8.jar;D:\java\resource\repo\com\google\guava\guava\28.0-jre\guava-28.0-jre.jar;D:\java\resource\repo\com\google\guava\failureaccess\1.0.1\failureaccess-1.0.1.jar;D:\java\resource\repo\com\google\guava\listenablefuture\9999.0-empty-to-avoid-conflict-with-guava\listenablefuture-9999.0-empty-to-avoid-conflict-with-guava.jar;D:\java\resource\repo\com\google\code\findbugs\jsr305\3.0.2\jsr305-3.0.2.jar;D:\java\resource\repo\org\checkerframework\checker-qual\2.8.1\checker-qual-2.8.1.jar;D:\java\resource\repo\com\google\errorprone\error_prone_annotations\2.3.2\error_prone_annotations-2.3.2.jar;D:\java\resource\repo\com\google\j2objc\j2objc-annotations\1.3\j2objc-annotations-1.3.jar;D:\java\resource\repo\org\codehaus\mojo\animal-sniffer-annotations\1.17\animal-sniffer-annotations-1.17.jar;D:\java\workspace\git\exp\etl-server\datacenter\target\com-gang-etl-datacenter-1.0-SNAPSHOT.jar;D:\java\resource\repo\com\gang\com-gang-commn-mybatis\1.0.0\com-gang-commn-mybatis-1.0.0.jar;D:\java\resource\repo\org\mybatis\spring\boot\mybatis-spring-boot-starter\1.3.2\mybatis-spring-boot-starter-1.3.2.jar;D:\java\resource\repo\org\springframework\boot\spring-boot-starter-jdbc\2.1.6.RELEASE\spring-boot-starter-jdbc-2.1.6.RELEASE.jar;D:\java\resource\repo\com\zaxxer\HikariCP\3.2.0\HikariCP-3.2.0.jar;D:\java\resource\repo\org\springframework\spring-jdbc\5.1.8.RELEASE\spring-jdbc-5.1.8.RELEASE.jar;D:\java\resource\repo\org\springframework\spring-tx\5.1.8.RELEASE\spring-tx-5.1.8.RELEASE.jar;D:\java\resource\repo\org\mybatis\spring\boot\mybatis-spring-boot-autoconfigure\1.3.2\mybatis-spring-boot-autoconfigure-1.3.2.jar;D:\java\resource\repo\org\mybatis\mybatis\3.4.6\mybatis-3.4.6.jar;D:\java\resource\repo\org\mybatis\mybatis-spring\1.3.2\mybatis-spring-1.3.2.jar;D:\java\resource\repo\mysql\mysql-connector-java\8.0.16\mysql-connector-java-8.0.16.jar;D:\java\resource\repo\org\mybatis\generator\mybatis-generator-core\1.3.7\mybatis-generator-core-1.3.7.jar;"/>
    <property name="java.vm.vendor" value="Oracle Corporation"/>
    <property name="sun.arch.data.model" value="64"/>
    <property name="user.variant" value=""/>
    <property name="java.vendor.url" value="http://java.oracle.com/"/>
    <property name="user.timezone" value="Asia/Shanghai"/>
    <property name="java.vm.specification.version" value="1.8"/>
    <property name="os.name" value="Windows 10"/>
    <property name="user.country" value="CN"/>
    <property name="sun.java.launcher" value="SUN_STANDARD"/>
    <property name="sun.boot.library.path" value="C:\Program Files\Java\jdk1.8.0_152\jre\bin"/>
    <property name="sun.java.command" value="C:\Users\10169\AppData\Local\Temp\surefire2900795648523989379\surefirebooter2283820655649353679.jar C:\Users\10169\AppData\Local\Temp\surefire2900795648523989379 2020-01-13T22-23-32_157-jvmRun1 surefire3545570051090266170tmp surefire_03181173713015462572tmp"/>
    <property name="surefire.test.class.path" value="D:\java\workspace\git\exp\etl-server\out-common\target\test-classes;D:\java\workspace\git\exp\etl-server\out-common\target\classes;D:\java\resource\repo\com\gang\com-gang-ext-sdk-parent\1.0.0\com-gang-ext-sdk-parent-1.0.0.jar;D:\java\resource\repo\org\springframework\boot\spring-boot-starter\2.1.6.RELEASE\spring-boot-starter-2.1.6.RELEASE.jar;D:\java\resource\repo\org\springframework\boot\spring-boot\2.1.6.RELEASE\spring-boot-2.1.6.RELEASE.jar;D:\java\resource\repo\org\springframework\spring-context\5.1.8.RELEASE\spring-context-5.1.8.RELEASE.jar;D:\java\resource\repo\org\springframework\spring-aop\5.1.8.RELEASE\spring-aop-5.1.8.RELEASE.jar;D:\java\resource\repo\org\springframework\spring-beans\5.1.8.RELEASE\spring-beans-5.1.8.RELEASE.jar;D:\java\resource\repo\org\springframework\spring-expression\5.1.8.RELEASE\spring-expression-5.1.8.RELEASE.jar;D:\java\resource\repo\org\springframework\boot\spring-boot-autoconfigure\2.1.6.RELEASE\spring-boot-autoconfigure-2.1.6.RELEASE.jar;D:\java\resource\repo\org\springframework\boot\spring-boot-starter-logging\2.1.6.RELEASE\spring-boot-starter-logging-2.1.6.RELEASE.jar;D:\java\resource\repo\ch\qos\logback\logback-classic\1.2.3\logback-classic-1.2.3.jar;D:\java\resource\repo\ch\qos\logback\logback-core\1.2.3\logback-core-1.2.3.jar;D:\java\resource\repo\org\apache\logging\log4j\log4j-to-slf4j\2.11.2\log4j-to-slf4j-2.11.2.jar;D:\java\resource\repo\org\apache\logging\log4j\log4j-api\2.11.2\log4j-api-2.11.2.jar;D:\java\resource\repo\org\slf4j\jul-to-slf4j\1.7.26\jul-to-slf4j-1.7.26.jar;D:\java\resource\repo\javax\annotation\javax.annotation-api\1.3.2\javax.annotation-api-1.3.2.jar;D:\java\resource\repo\org\springframework\spring-core\5.1.8.RELEASE\spring-core-5.1.8.RELEASE.jar;D:\java\resource\repo\org\springframework\spring-jcl\5.1.8.RELEASE\spring-jcl-5.1.8.RELEASE.jar;D:\java\resource\repo\org\yaml\snakeyaml\1.23\snakeyaml-1.23.jar;D:\java\resource\repo\com\gang\com-gang-ext-sdk-workwechat\1.0.0\com-gang-ext-sdk-workwechat-1.0.0.jar;D:\java\resource\repo\com\gang\com-gang-sdk-api\1.0.0\com-gang-sdk-api-1.0.0.jar;D:\java\resource\repo\org\apache\httpcomponents\httpclient\4.5.9\httpclient-4.5.9.jar;D:\java\resource\repo\org\apache\httpcomponents\httpcore\4.4.11\httpcore-4.4.11.jar;D:\java\resource\repo\commons-codec\commons-codec\1.11\commons-codec-1.11.jar;D:\java\resource\repo\com\alibaba\fastjson\1.2.62\fastjson-1.2.62.jar;D:\java\resource\repo\org\projectlombok\lombok\1.18.8\lombok-1.18.8.jar;D:\java\workspace\git\exp\etl-server\common-lib\target\com-gang-etl-common-lib-1.0-SNAPSHOT.jar;D:\java\resource\repo\com\gang\com-gang-common-parent-sdk\1.0.0\com-gang-common-parent-sdk-1.0.0.jar;D:\java\resource\repo\com\gang\com-gang-common-lib\1.0.0\com-gang-common-lib-1.0.0.jar;D:\java\resource\repo\org\apache\commons\commons-lang3\3.8.1\commons-lang3-3.8.1.jar;D:\java\resource\repo\org\apache\commons\commons-jexl3\3.1\commons-jexl3-3.1.jar;D:\java\resource\repo\commons-logging\commons-logging\1.2\commons-logging-1.2.jar;D:\java\resource\repo\com\fasterxml\jackson\core\jackson-annotations\2.9.0\jackson-annotations-2.9.0.jar;D:\java\resource\repo\com\fasterxml\jackson\core\jackson-databind\2.9.9\jackson-databind-2.9.9.jar;D:\java\resource\repo\com\fasterxml\jackson\core\jackson-core\2.9.9\jackson-core-2.9.9.jar;D:\java\resource\repo\com\fasterxml\jackson\module\jackson-module-jsonSchema\2.9.9\jackson-module-jsonSchema-2.9.9.jar;D:\java\resource\repo\javax\validation\validation-api\2.0.1.Final\validation-api-2.0.1.Final.jar;D:\java\resource\repo\org\slf4j\slf4j-api\1.7.26\slf4j-api-1.7.26.jar;D:\java\resource\repo\org\apache\commons\commons-text\1.6\commons-text-1.6.jar;D:\java\resource\repo\org\apache\commons\commons-collections4\4.1\commons-collections4-4.1.jar;D:\java\resource\repo\com\gang\com-gang-common-swagger\1.0.0\com-gang-common-swagger-1.0.0.jar;D:\java\resource\repo\org\springframework\boot\spring-boot-starter-web\2.1.6.RELEASE\spring-boot-starter-web-2.1.6.RELEASE.jar;D:\java\resource\repo\org\springframework\boot\spring-boot-starter-json\2.1.6.RELEASE\spring-boot-starter-json-2.1.6.RELEASE.jar;D:\java\resource\repo\com\fasterxml\jackson\datatype\jackson-datatype-jdk8\2.9.9\jackson-datatype-jdk8-2.9.9.jar;D:\java\resource\repo\com\fasterxml\jackson\datatype\jackson-datatype-jsr310\2.9.9\jackson-datatype-jsr310-2.9.9.jar;D:\java\resource\repo\com\fasterxml\jackson\module\jackson-module-parameter-names\2.9.9\jackson-module-parameter-names-2.9.9.jar;D:\java\resource\repo\org\springframework\boot\spring-boot-starter-tomcat\2.1.6.RELEASE\spring-boot-starter-tomcat-2.1.6.RELEASE.jar;D:\java\resource\repo\org\apache\tomcat\embed\tomcat-embed-core\9.0.21\tomcat-embed-core-9.0.21.jar;D:\java\resource\repo\org\apache\tomcat\embed\tomcat-embed-el\9.0.21\tomcat-embed-el-9.0.21.jar;D:\java\resource\repo\org\apache\tomcat\embed\tomcat-embed-websocket\9.0.21\tomcat-embed-websocket-9.0.21.jar;D:\java\resource\repo\org\hibernate\validator\hibernate-validator\6.0.17.Final\hibernate-validator-6.0.17.Final.jar;D:\java\resource\repo\org\jboss\logging\jboss-logging\3.3.2.Final\jboss-logging-3.3.2.Final.jar;D:\java\resource\repo\org\springframework\spring-web\5.1.8.RELEASE\spring-web-5.1.8.RELEASE.jar;D:\java\resource\repo\org\springframework\spring-webmvc\5.1.8.RELEASE\spring-webmvc-5.1.8.RELEASE.jar;D:\java\resource\repo\io\springfox\springfox-swagger2\2.9.2\springfox-swagger2-2.9.2.jar;D:\java\resource\repo\io\swagger\swagger-annotations\1.5.20\swagger-annotations-1.5.20.jar;D:\java\resource\repo\io\swagger\swagger-models\1.5.20\swagger-models-1.5.20.jar;D:\java\resource\repo\io\springfox\springfox-spi\2.9.2\springfox-spi-2.9.2.jar;D:\java\resource\repo\io\springfox\springfox-core\2.9.2\springfox-core-2.9.2.jar;D:\java\resource\repo\net\bytebuddy\byte-buddy\1.9.13\byte-buddy-1.9.13.jar;D:\java\resource\repo\io\springfox\springfox-schema\2.9.2\springfox-schema-2.9.2.jar;D:\java\resource\repo\io\springfox\springfox-swagger-common\2.9.2\springfox-swagger-common-2.9.2.jar;D:\java\resource\repo\io\springfox\springfox-spring-web\2.9.2\springfox-spring-web-2.9.2.jar;D:\java\resource\repo\com\fasterxml\classmate\1.4.0\classmate-1.4.0.jar;D:\java\resource\repo\org\springframework\plugin\spring-plugin-core\1.2.0.RELEASE\spring-plugin-core-1.2.0.RELEASE.jar;D:\java\resource\repo\org\springframework\plugin\spring-plugin-metadata\1.2.0.RELEASE\spring-plugin-metadata-1.2.0.RELEASE.jar;D:\java\resource\repo\org\mapstruct\mapstruct\1.2.0.Final\mapstruct-1.2.0.Final.jar;D:\java\resource\repo\io\springfox\springfox-swagger-ui\2.9.2\springfox-swagger-ui-2.9.2.jar;D:\java\resource\repo\io\swagger\core\v3\swagger-annotations\2.0.8\swagger-annotations-2.0.8.jar;D:\java\resource\repo\com\github\xiaoymin\swagger-bootstrap-ui\1.8.8\swagger-bootstrap-ui-1.8.8.jar;D:\java\resource\repo\com\google\guava\guava\28.0-jre\guava-28.0-jre.jar;D:\java\resource\repo\com\google\guava\failureaccess\1.0.1\failureaccess-1.0.1.jar;D:\java\resource\repo\com\google\guava\listenablefuture\9999.0-empty-to-avoid-conflict-with-guava\listenablefuture-9999.0-empty-to-avoid-conflict-with-guava.jar;D:\java\resource\repo\com\google\code\findbugs\jsr305\3.0.2\jsr305-3.0.2.jar;D:\java\resource\repo\org\checkerframework\checker-qual\2.8.1\checker-qual-2.8.1.jar;D:\java\resource\repo\com\google\errorprone\error_prone_annotations\2.3.2\error_prone_annotations-2.3.2.jar;D:\java\resource\repo\com\google\j2objc\j2objc-annotations\1.3\j2objc-annotations-1.3.jar;D:\java\resource\repo\org\codehaus\mojo\animal-sniffer-annotations\1.17\animal-sniffer-annotations-1.17.jar;D:\java\workspace\git\exp\etl-server\datacenter\target\com-gang-etl-datacenter-1.0-SNAPSHOT.jar;D:\java\resource\repo\com\gang\com-gang-commn-mybatis\1.0.0\com-gang-commn-mybatis-1.0.0.jar;D:\java\resource\repo\org\mybatis\spring\boot\mybatis-spring-boot-starter\1.3.2\mybatis-spring-boot-starter-1.3.2.jar;D:\java\resource\repo\org\springframework\boot\spring-boot-starter-jdbc\2.1.6.RELEASE\spring-boot-starter-jdbc-2.1.6.RELEASE.jar;D:\java\resource\repo\com\zaxxer\HikariCP\3.2.0\HikariCP-3.2.0.jar;D:\java\resource\repo\org\springframework\spring-jdbc\5.1.8.RELEASE\spring-jdbc-5.1.8.RELEASE.jar;D:\java\resource\repo\org\springframework\spring-tx\5.1.8.RELEASE\spring-tx-5.1.8.RELEASE.jar;D:\java\resource\repo\org\mybatis\spring\boot\mybatis-spring-boot-autoconfigure\1.3.2\mybatis-spring-boot-autoconfigure-1.3.2.jar;D:\java\resource\repo\org\mybatis\mybatis\3.4.6\mybatis-3.4.6.jar;D:\java\resource\repo\org\mybatis\mybatis-spring\1.3.2\mybatis-spring-1.3.2.jar;D:\java\resource\repo\mysql\mysql-connector-java\8.0.16\mysql-connector-java-8.0.16.jar;D:\java\resource\repo\org\mybatis\generator\mybatis-generator-core\1.3.7\mybatis-generator-core-1.3.7.jar;"/>
    <property name="sun.cpu.endian" value="little"/>
    <property name="user.home" value="C:\Users\10169"/>
    <property name="user.language" value="zh"/>
    <property name="java.specification.vendor" value="Oracle Corporation"/>
    <property name="java.home" value="C:\Program Files\Java\jdk1.8.0_152\jre"/>
    <property name="basedir" value="D:\java\workspace\git\exp\etl-server\out-common"/>
    <property name="file.separator" value="\"/>
    <property name="line.separator" value="&#10;"/>
    <property name="java.vm.specification.vendor" value="Oracle Corporation"/>
    <property name="java.specification.name" value="Java Platform API Specification"/>
    <property name="java.awt.graphicsenv" value="sun.awt.Win32GraphicsEnvironment"/>
    <property name="surefire.real.class.path" value="C:\Users\10169\AppData\Local\Temp\surefire2900795648523989379\surefirebooter2283820655649353679.jar"/>
    <property name="sun.boot.class.path" value="C:\Program Files\Java\jdk1.8.0_152\jre\lib\resources.jar;C:\Program Files\Java\jdk1.8.0_152\jre\lib\rt.jar;C:\Program Files\Java\jdk1.8.0_152\jre\lib\sunrsasign.jar;C:\Program Files\Java\jdk1.8.0_152\jre\lib\jsse.jar;C:\Program Files\Java\jdk1.8.0_152\jre\lib\jce.jar;C:\Program Files\Java\jdk1.8.0_152\jre\lib\charsets.jar;C:\Program Files\Java\jdk1.8.0_152\jre\lib\jfr.jar;C:\Program Files\Java\jdk1.8.0_152\jre\classes"/>
    <property name="user.script" value=""/>
    <property name="sun.management.compiler" value="HotSpot 64-Bit Tiered Compilers"/>
    <property name="java.runtime.version" value="1.8.0_152-b16"/>
    <property name="user.name" value="10169"/>
    <property name="path.separator" value=";"/>
    <property name="os.version" value="10.0"/>
    <property name="java.endorsed.dirs" value="C:\Program Files\Java\jdk1.8.0_152\jre\lib\endorsed"/>
    <property name="java.runtime.name" value="Java(TM) SE Runtime Environment"/>
    <property name="file.encoding" value="GBK"/>
    <property name="java.vm.name" value="Java HotSpot(TM) 64-Bit Server VM"/>
    <property name="localRepository" value="D:\java\resource\repo"/>
    <property name="java.vendor.url.bug" value="http://bugreport.sun.com/bugreport/"/>
    <property name="java.io.tmpdir" value="C:\Users\10169\AppData\Local\Temp\"/>
    <property name="java.version" value="1.8.0_152"/>
    <property name="user.dir" value="D:\java\workspace\git\exp\etl-server\out-common"/>
    <property name="os.arch" value="amd64"/>
    <property name="java.vm.specification.name" value="Java Virtual Machine Specification"/>
    <property name="java.awt.printerjob" value="sun.awt.windows.WPrinterJob"/>
    <property name="sun.os.patch.level" value=""/>
    <property name="java.library.path" value="C:\Program Files\Java\jdk1.8.0_152\jre\bin;C:\Windows\Sun\Java\bin;C:\Windows\system32;C:\Windows;D:\python\Scripts\;D:\python\;D:\othersoft\xshell\main\Xshell 6\;D:\othersoft\xshell\main\Xmanager 6\;D:\othersoft\xshell\main\Xlpd 6\;E:\办公\ntrun\Goto;C;\Program Files (x86)\Common Files\Intel\Shared Libraries\redist\intel64\compiler;C:\Program Files (x86)\Intel\Intel(R) Management Engine Components\iCLS\;C:\Program Files\Intel\Intel(R) Management Engine Components\iCLS\;C:\Windows\system32;C:\Windows;C:\Windows\System32\Wbem;C:\Windows\System32\WindowsPowerShell\v1.0\;C:\Windows\System32\OpenSSH\;C:\Program Files (x86)\Intel\Intel(R) Management Engine Components\DAL;C:\Program Files\Intel\Intel(R) Management Engine Components\DAL;C:\Program Files (x86)\NVIDIA Corporation\PhysX\Common;C:\Program Files\Java\jdk1.8.0_152\bin;C:\Program Files (x86)\Common Files\Oracle\Java\javapath;D:\java\plugins\Git\cmd;D:\java\plugins\maven\apache-maven-3.6.1\bin;D:\java\plugins\nodejs\;C:\Program Files\MIT\Kerberos\bin;D:\mysql\mysql-5.7.26-winx64\bin;C:\Program Files\Intel\WiFi\bin\;C:\Program Files\Common Files\Intel\WirelessCommon\;C:\Program Files\Pandoc\;C:\Users\10169\AppData\Local\Microsoft\WindowsApps;C:\Users\10169\AppData\Roaming\npm;D:\java\software\Microsoft VS Code\bin;;."/>
    <property name="java.vm.info" value="mixed mode"/>
    <property name="java.vendor" value="Oracle Corporation"/>
    <property name="java.vm.version" value="25.152-b16"/>
    <property name="java.ext.dirs" value="C:\Program Files\Java\jdk1.8.0_152\jre\lib\ext;C:\Windows\Sun\Java\lib\ext"/>
    <property name="sun.io.unicode.encoding" value="UnicodeLittle"/>
    <property name="java.class.version" value="52.0"/>
  </properties>
</testsuite>